{
  "stats": {
    "suites": 1,
    "tests": 3,
    "passes": 0,
    "pending": 0,
    "failures": 3,
    "start": "2024-06-27T18:44:14.556Z",
    "end": "2024-06-27T18:44:17.050Z",
    "duration": 2494,
    "testsRegistered": 3,
    "passPercent": 0,
    "pendingPercent": 0,
    "other": 0,
    "hasOther": false,
    "skipped": 0,
    "hasSkipped": false
  },
  "results": [
    {
      "uuid": "41212181-a16a-4b0e-ad9e-063a4bc81002",
      "title": "",
      "fullFile": "cypress\\e2e\\Orders\\deleteOrder.cy.js",
      "file": "cypress\\e2e\\Orders\\deleteOrder.cy.js",
      "beforeHooks": [],
      "afterHooks": [],
      "tests": [],
      "suites": [
        {
          "uuid": "d2df9c9d-0659-4ea1-a015-091f8b87d3c8",
          "title": "DELETE /orders/{id}/delete",
          "fullFile": "",
          "file": "",
          "beforeHooks": [],
          "afterHooks": [],
          "tests": [
            {
              "title": "should handle internal server error (500)",
              "fullTitle": "DELETE /orders/{id}/delete should handle internal server error (500)",
              "timedOut": null,
              "duration": 1952,
              "state": "failed",
              "speed": null,
              "pass": false,
              "fail": true,
              "pending": false,
              "context": "{\n  \"title\": \"cypress-mochawesome-reporter-screenshots\",\n  \"value\": [\n    [\n      \"\\\\Orders\\\\deleteOrder.cy.js\\\\DELETE orders{id}delete -- should handle internal server error (500) (failed).png\"\n    ]\n  ]\n}",
              "code": "cy.request({\n  method: 'DELETE',\n  url: `http://localhost:8081/orders/${productId}/delete`,\n  headers: {\n    'accept': 'application/json',\n    'Content-Type': 'application/json',\n    'Authorization': `Bearer ${token}`\n  },\n  failOnStatusCode: false\n}).then(response => {\n  expect(response.status).to.eq(500);\n  expect(response.body).to.have.property('status').eq(500);\n  // autres vérifications...\n});",
              "err": {
                "message": "AssertionError: expected 401 to equal 500",
                "estack": "AssertionError: expected 401 to equal 500\n    at Context.eval (webpack:///./cypress/e2e/Orders/deleteOrder.cy.js:16:35)",
                "diff": "- 401\n+ 500\n"
              },
              "uuid": "43e0aa2a-3a53-4b3f-8d7f-5af0e6ffb49f",
              "parentUUID": "d2df9c9d-0659-4ea1-a015-091f8b87d3c8",
              "isHook": false,
              "skipped": false
            },
            {
              "title": "should delete a product from the cart (200)",
              "fullTitle": "DELETE /orders/{id}/delete should delete a product from the cart (200)",
              "timedOut": null,
              "duration": 184,
              "state": "failed",
              "speed": null,
              "pass": false,
              "fail": true,
              "pending": false,
              "context": "{\n  \"title\": \"cypress-mochawesome-reporter-screenshots\",\n  \"value\": [\n    [\n      \"\\\\Orders\\\\deleteOrder.cy.js\\\\DELETE orders{id}delete -- should delete a product from the cart (200) (failed).png\"\n    ]\n  ]\n}",
              "code": "cy.request({\n  method: 'DELETE',\n  url: `http://localhost:8081/orders/${productId}/delete`,\n  headers: {\n    'accept': 'application/json',\n    'Authorization': `Bearer ${token}`\n  }\n}).then(response => {\n  expect(response.status).to.eq(200);\n});\ncy.request({\n  method: 'GET',\n  url: 'http://localhost:8081/orders',\n  headers: {\n    'accept': 'application/json',\n    'Authorization': `Bearer ${token}`\n  }\n}).then(response => {\n  const isProductDeleted = response.body.orderLines.every(line => line.id !== productId);\n  expect(isProductDeleted).to.be.true;\n});",
              "err": {
                "message": "CypressError: `cy.request()` failed on:\n\nhttp://localhost:8081/orders/1/delete\n\nThe response we received from your web server was:\n\n  > 401: Unauthorized\n\nThis was considered a failure because the status code was not `2xx` or `3xx`.\n\nIf you do not want status codes to cause failures pass the option: `failOnStatusCode: false`\n\n-----------------------------------------------------------\n\nThe request we sent was:\n\nMethod: DELETE\nURL: http://localhost:8081/orders/1/delete\nHeaders: {\n  \"Connection\": \"keep-alive\",\n  \"accept\": \"application/json\",\n  \"Authorization\": \"Bearer votre_token_jwt\",\n  \"user-agent\": \"Mozilla/5.0 (Windows NT 10.0; Win64; x64) AppleWebKit/537.36 (KHTML, like Gecko) Cypress/13.11.0 Chrome/118.0.5993.159 Electron/27.3.10 Safari/537.36\",\n  \"accept-encoding\": \"gzip, deflate\",\n  \"content-length\": 0\n}\n\n-----------------------------------------------------------\n\nThe response we got was:\n\nStatus: 401 - Unauthorized\nHeaders: {\n  \"host\": \"localhost:8081\",\n  \"connection\": \"close\",\n  \"x-powered-by\": \"PHP/8.1.29\",\n  \"www-authenticate\": \"Bearer\",\n  \"cache-control\": \"no-cache, private\",\n  \"date\": \"Thu, 27 Jun 2024 18:44:16 GMT\",\n  \"content-type\": \"application/json\",\n  \"x-robots-tag\": \"noindex\"\n}\nBody: {\n  \"code\": 401,\n  \"message\": \"Invalid JWT Token\"\n}\n\n\nhttps://on.cypress.io/request",
                "estack": "CypressError: `cy.request()` failed on:\n\nhttp://localhost:8081/orders/1/delete\n\nThe response we received from your web server was:\n\n  > 401: Unauthorized\n\nThis was considered a failure because the status code was not `2xx` or `3xx`.\n\nIf you do not want status codes to cause failures pass the option: `failOnStatusCode: false`\n\n-----------------------------------------------------------\n\nThe request we sent was:\n\nMethod: DELETE\nURL: http://localhost:8081/orders/1/delete\nHeaders: {\n  \"Connection\": \"keep-alive\",\n  \"accept\": \"application/json\",\n  \"Authorization\": \"Bearer votre_token_jwt\",\n  \"user-agent\": \"Mozilla/5.0 (Windows NT 10.0; Win64; x64) AppleWebKit/537.36 (KHTML, like Gecko) Cypress/13.11.0 Chrome/118.0.5993.159 Electron/27.3.10 Safari/537.36\",\n  \"accept-encoding\": \"gzip, deflate\",\n  \"content-length\": 0\n}\n\n-----------------------------------------------------------\n\nThe response we got was:\n\nStatus: 401 - Unauthorized\nHeaders: {\n  \"host\": \"localhost:8081\",\n  \"connection\": \"close\",\n  \"x-powered-by\": \"PHP/8.1.29\",\n  \"www-authenticate\": \"Bearer\",\n  \"cache-control\": \"no-cache, private\",\n  \"date\": \"Thu, 27 Jun 2024 18:44:16 GMT\",\n  \"content-type\": \"application/json\",\n  \"x-robots-tag\": \"noindex\"\n}\nBody: {\n  \"code\": 401,\n  \"message\": \"Invalid JWT Token\"\n}\n\n\nhttps://on.cypress.io/request\n    at <unknown> (http://localhost:56202/__cypress/runner/cypress_runner.js:132760:72)\n    at tryCatcher (http://localhost:56202/__cypress/runner/cypress_runner.js:1807:23)\n    at Promise._settlePromiseFromHandler (http://localhost:56202/__cypress/runner/cypress_runner.js:1519:31)\n    at Promise._settlePromise (http://localhost:56202/__cypress/runner/cypress_runner.js:1576:18)\n    at Promise._settlePromise0 (http://localhost:56202/__cypress/runner/cypress_runner.js:1621:10)\n    at Promise._settlePromises (http://localhost:56202/__cypress/runner/cypress_runner.js:1701:18)\n    at _drainQueueStep (http://localhost:56202/__cypress/runner/cypress_runner.js:2407:12)\n    at _drainQueue (http://localhost:56202/__cypress/runner/cypress_runner.js:2400:9)\n    at Async._drainQueues (http://localhost:56202/__cypress/runner/cypress_runner.js:2416:5)\n    at Async.drainQueues (http://localhost:56202/__cypress/runner/cypress_runner.js:2286:14)\nFrom Your Spec Code:\n    at Context.eval (webpack:///./cypress/e2e/Orders/deleteOrder.cy.js:23:9)",
                "diff": null
              },
              "uuid": "5be2cd63-54a0-4503-86b6-d25d32ea79d0",
              "parentUUID": "d2df9c9d-0659-4ea1-a015-091f8b87d3c8",
              "isHook": false,
              "skipped": false
            },
            {
              "title": "should handle no order found (404)",
              "fullTitle": "DELETE /orders/{id}/delete should handle no order found (404)",
              "timedOut": null,
              "duration": 231,
              "state": "failed",
              "speed": null,
              "pass": false,
              "fail": true,
              "pending": false,
              "context": "{\n  \"title\": \"cypress-mochawesome-reporter-screenshots\",\n  \"value\": [\n    [\n      \"\\\\Orders\\\\deleteOrder.cy.js\\\\DELETE orders{id}delete -- should handle no order found (404) (failed).png\"\n    ]\n  ]\n}",
              "code": "cy.request({\n  method: 'DELETE',\n  url: `http://localhost:8081/orders/${productId}/delete`,\n  headers: {\n    'accept': 'application/json',\n    'Content-Type': 'application/json',\n    'Authorization': `Bearer ${token}`\n  },\n  failOnStatusCode: false\n}).then(response => {\n  expect(response.status).to.eq(404);\n  expect(response.body).to.have.property('message').eq('Produit non trouvé');\n});",
              "err": {
                "message": "AssertionError: expected 401 to equal 404",
                "estack": "AssertionError: expected 401 to equal 404\n    at Context.eval (webpack:///./cypress/e2e/Orders/deleteOrder.cy.js:58:35)",
                "diff": "- 401\n+ 404\n"
              },
              "uuid": "ee0835bd-607b-4102-955f-c26332969f9e",
              "parentUUID": "d2df9c9d-0659-4ea1-a015-091f8b87d3c8",
              "isHook": false,
              "skipped": false
            }
          ],
          "suites": [],
          "passes": [],
          "failures": [
            "43e0aa2a-3a53-4b3f-8d7f-5af0e6ffb49f",
            "5be2cd63-54a0-4503-86b6-d25d32ea79d0",
            "ee0835bd-607b-4102-955f-c26332969f9e"
          ],
          "pending": [],
          "skipped": [],
          "duration": 2367,
          "root": false,
          "rootEmpty": false,
          "_timeout": 2000
        }
      ],
      "passes": [],
      "failures": [],
      "pending": [],
      "skipped": [],
      "duration": 0,
      "root": true,
      "rootEmpty": true,
      "_timeout": 2000
    }
  ],
  "meta": {
    "mocha": {
      "version": "7.0.1"
    },
    "mochawesome": {
      "options": {
        "quiet": false,
        "reportFilename": "mochawesome",
        "saveHtml": false,
        "saveJson": true,
        "consoleReporter": "spec",
        "useInlineDiffs": false,
        "code": true
      },
      "version": "7.1.3"
    },
    "marge": {
      "options": {
        "overwrite": false,
        "html": false,
        "json": true,
        "reportDir": "cypress\\reports\\html\\.jsons"
      },
      "version": "6.2.0"
    }
  }
}