{
  "stats": {
    "suites": 1,
    "tests": 2,
    "passes": 1,
    "pending": 0,
    "failures": 1,
    "start": "2024-06-27T18:44:31.924Z",
    "end": "2024-06-27T18:44:32.313Z",
    "duration": 389,
    "testsRegistered": 2,
    "passPercent": 50,
    "pendingPercent": 0,
    "other": 0,
    "hasOther": false,
    "skipped": 0,
    "hasSkipped": false
  },
  "results": [
    {
      "uuid": "fc02c6bb-accd-4245-b216-3ae9eb677cac",
      "title": "",
      "fullFile": "cypress\\e2e\\Orders\\putAddProduct.cy.js",
      "file": "cypress\\e2e\\Orders\\putAddProduct.cy.js",
      "beforeHooks": [],
      "afterHooks": [],
      "tests": [],
      "suites": [
        {
          "uuid": "7a7af62d-b4de-4dd9-9e37-eb27c8c5881a",
          "title": "PUT /orders/add",
          "fullFile": "",
          "file": "",
          "beforeHooks": [],
          "afterHooks": [],
          "tests": [
            {
              "title": "should return 401 if JWT token is missing",
              "fullTitle": "PUT /orders/add should return 401 if JWT token is missing",
              "timedOut": null,
              "duration": 112,
              "state": "passed",
              "speed": "fast",
              "pass": true,
              "fail": false,
              "pending": false,
              "context": null,
              "code": "cy.request({\n  method: 'PUT',\n  url: 'http://localhost:8081/orders/add',\n  failOnStatusCode: false,\n  headers: {\n    'accept': 'application/json'\n  }\n}).then(response => {\n  expect(response.status).to.eq(401);\n  expect(response.body).to.have.property('code', 401);\n  // autres vérifications...\n});",
              "err": {},
              "uuid": "3105273b-0b72-418e-9538-9cc6636878fa",
              "parentUUID": "7a7af62d-b4de-4dd9-9e37-eb27c8c5881a",
              "isHook": false,
              "skipped": false
            },
            {
              "title": "should add the product and update the cart (200)",
              "fullTitle": "PUT /orders/add should add the product and update the cart (200)",
              "timedOut": null,
              "duration": 196,
              "state": "failed",
              "speed": null,
              "pass": false,
              "fail": true,
              "pending": false,
              "context": "{\n  \"title\": \"cypress-mochawesome-reporter-screenshots\",\n  \"value\": [\n    [\n      \"\\\\Orders\\\\putAddProduct.cy.js\\\\PUT ordersadd -- should add the product and update the cart (200) (failed).png\"\n    ]\n  ]\n}",
              "code": "cy.request({\n  method: 'PUT',\n  url: 'http://localhost:8081/orders/add',\n  headers: {\n    'accept': 'application/json',\n    'Content-Type': 'application/json',\n    'Authorization': `Bearer ${token}`\n  },\n  body: {\n    productId: 1,\n    quantity: 2\n  }\n}).then(response => {\n  expect(response.status).to.eq(200);\n  expect(response.body).to.have.property('id');\n  expect(response.body).to.have.property('firstname');\n  expect(response.body).to.have.property('lastname');\n  expect(response.body).to.have.property('address');\n  expect(response.body).to.have.property('zipCode');\n  expect(response.body).to.have.property('city');\n  expect(response.body).to.have.property('date');\n  expect(response.body).to.have.property('validated');\n  expect(response.body).to.have.property('orderLines');\n});",
              "err": {
                "message": "CypressError: `cy.request()` failed on:\n\nhttp://localhost:8081/orders/add\n\nThe response we received from your web server was:\n\n  > 401: Unauthorized\n\nThis was considered a failure because the status code was not `2xx` or `3xx`.\n\nIf you do not want status codes to cause failures pass the option: `failOnStatusCode: false`\n\n-----------------------------------------------------------\n\nThe request we sent was:\n\nMethod: PUT\nURL: http://localhost:8081/orders/add\nHeaders: {\n  \"Connection\": \"keep-alive\",\n  \"accept\": \"application/json\",\n  \"Content-Type\": \"application/json\",\n  \"Authorization\": \"Bearer votre_token_jwt\",\n  \"user-agent\": \"Mozilla/5.0 (Windows NT 10.0; Win64; x64) AppleWebKit/537.36 (KHTML, like Gecko) Cypress/13.11.0 Chrome/118.0.5993.159 Electron/27.3.10 Safari/537.36\",\n  \"accept-encoding\": \"gzip, deflate\",\n  \"content-length\": 28\n}\nBody: {\"productId\":1,\"quantity\":2}\n\n-----------------------------------------------------------\n\nThe response we got was:\n\nStatus: 401 - Unauthorized\nHeaders: {\n  \"host\": \"localhost:8081\",\n  \"connection\": \"close\",\n  \"x-powered-by\": \"PHP/8.1.29\",\n  \"www-authenticate\": \"Bearer\",\n  \"cache-control\": \"no-cache, private\",\n  \"date\": \"Thu, 27 Jun 2024 18:44:32 GMT\",\n  \"content-type\": \"application/json\",\n  \"x-robots-tag\": \"noindex\"\n}\nBody: {\n  \"code\": 401,\n  \"message\": \"Invalid JWT Token\"\n}\n\n\nhttps://on.cypress.io/request",
                "estack": "CypressError: `cy.request()` failed on:\n\nhttp://localhost:8081/orders/add\n\nThe response we received from your web server was:\n\n  > 401: Unauthorized\n\nThis was considered a failure because the status code was not `2xx` or `3xx`.\n\nIf you do not want status codes to cause failures pass the option: `failOnStatusCode: false`\n\n-----------------------------------------------------------\n\nThe request we sent was:\n\nMethod: PUT\nURL: http://localhost:8081/orders/add\nHeaders: {\n  \"Connection\": \"keep-alive\",\n  \"accept\": \"application/json\",\n  \"Content-Type\": \"application/json\",\n  \"Authorization\": \"Bearer votre_token_jwt\",\n  \"user-agent\": \"Mozilla/5.0 (Windows NT 10.0; Win64; x64) AppleWebKit/537.36 (KHTML, like Gecko) Cypress/13.11.0 Chrome/118.0.5993.159 Electron/27.3.10 Safari/537.36\",\n  \"accept-encoding\": \"gzip, deflate\",\n  \"content-length\": 28\n}\nBody: {\"productId\":1,\"quantity\":2}\n\n-----------------------------------------------------------\n\nThe response we got was:\n\nStatus: 401 - Unauthorized\nHeaders: {\n  \"host\": \"localhost:8081\",\n  \"connection\": \"close\",\n  \"x-powered-by\": \"PHP/8.1.29\",\n  \"www-authenticate\": \"Bearer\",\n  \"cache-control\": \"no-cache, private\",\n  \"date\": \"Thu, 27 Jun 2024 18:44:32 GMT\",\n  \"content-type\": \"application/json\",\n  \"x-robots-tag\": \"noindex\"\n}\nBody: {\n  \"code\": 401,\n  \"message\": \"Invalid JWT Token\"\n}\n\n\nhttps://on.cypress.io/request\n    at <unknown> (http://localhost:56202/__cypress/runner/cypress_runner.js:132760:72)\n    at tryCatcher (http://localhost:56202/__cypress/runner/cypress_runner.js:1807:23)\n    at Promise._settlePromiseFromHandler (http://localhost:56202/__cypress/runner/cypress_runner.js:1519:31)\n    at Promise._settlePromise (http://localhost:56202/__cypress/runner/cypress_runner.js:1576:18)\n    at Promise._settlePromise0 (http://localhost:56202/__cypress/runner/cypress_runner.js:1621:10)\n    at Promise._settlePromises (http://localhost:56202/__cypress/runner/cypress_runner.js:1701:18)\n    at _drainQueueStep (http://localhost:56202/__cypress/runner/cypress_runner.js:2407:12)\n    at _drainQueue (http://localhost:56202/__cypress/runner/cypress_runner.js:2400:9)\n    at Async._drainQueues (http://localhost:56202/__cypress/runner/cypress_runner.js:2416:5)\n    at Async.drainQueues (http://localhost:56202/__cypress/runner/cypress_runner.js:2286:14)\nFrom Your Spec Code:\n    at Context.eval (webpack:///./cypress/e2e/Orders/putAddProduct.cy.js:20:9)",
                "diff": null
              },
              "uuid": "3016a36d-6f4d-40c7-8be8-ee2e336ed1cc",
              "parentUUID": "7a7af62d-b4de-4dd9-9e37-eb27c8c5881a",
              "isHook": false,
              "skipped": false
            }
          ],
          "suites": [],
          "passes": [
            "3105273b-0b72-418e-9538-9cc6636878fa"
          ],
          "failures": [
            "3016a36d-6f4d-40c7-8be8-ee2e336ed1cc"
          ],
          "pending": [],
          "skipped": [],
          "duration": 308,
          "root": false,
          "rootEmpty": false,
          "_timeout": 2000
        }
      ],
      "passes": [],
      "failures": [],
      "pending": [],
      "skipped": [],
      "duration": 0,
      "root": true,
      "rootEmpty": true,
      "_timeout": 2000
    }
  ],
  "meta": {
    "mocha": {
      "version": "7.0.1"
    },
    "mochawesome": {
      "options": {
        "quiet": false,
        "reportFilename": "mochawesome",
        "saveHtml": false,
        "saveJson": true,
        "consoleReporter": "spec",
        "useInlineDiffs": false,
        "code": true
      },
      "version": "7.1.3"
    },
    "marge": {
      "options": {
        "overwrite": false,
        "html": false,
        "json": true,
        "reportDir": "cypress\\reports\\html\\.jsons"
      },
      "version": "6.2.0"
    }
  }
}