{
  "stats": {
    "suites": 1,
    "tests": 3,
    "passes": 1,
    "pending": 0,
    "failures": 2,
    "start": "2024-06-27T18:44:18.826Z",
    "end": "2024-06-27T18:44:27.808Z",
    "duration": 8982,
    "testsRegistered": 3,
    "passPercent": 33.33333333333333,
    "pendingPercent": 0,
    "other": 0,
    "hasOther": false,
    "skipped": 0,
    "hasSkipped": false
  },
  "results": [
    {
      "uuid": "c922350a-f766-4dd5-833c-cf8cc2d6fe7e",
      "title": "",
      "fullFile": "cypress\\e2e\\Orders\\getOrders.cy.js",
      "file": "cypress\\e2e\\Orders\\getOrders.cy.js",
      "beforeHooks": [],
      "afterHooks": [],
      "tests": [],
      "suites": [
        {
          "uuid": "9ecae7bc-3acf-454a-9532-610bffb673da",
          "title": "Order API Tests",
          "fullFile": "",
          "file": "",
          "beforeHooks": [],
          "afterHooks": [],
          "tests": [
            {
              "title": "should return 401 if JWT token is missing",
              "fullTitle": "Order API Tests should return 401 if JWT token is missing",
              "timedOut": null,
              "duration": 8438,
              "state": "passed",
              "speed": "medium",
              "pass": true,
              "fail": false,
              "pending": false,
              "context": null,
              "code": "cy.request({\n  method: 'GET',\n  url: 'http://localhost:8081/orders',\n  failOnStatusCode: false,\n  headers: {\n    'accept': 'application/json'\n  }\n}).then(response => {\n  expect(response.status).to.eq(401);\n  expect(response.body).to.have.property('message').eq('JWT Token not found');\n});",
              "err": {},
              "uuid": "52536d4a-56d5-4fdf-a2bf-1ebb4cadaf5d",
              "parentUUID": "9ecae7bc-3acf-454a-9532-610bffb673da",
              "isHook": false,
              "skipped": false
            },
            {
              "title": "should retrieve the current user's order",
              "fullTitle": "Order API Tests should retrieve the current user's order",
              "timedOut": null,
              "duration": 219,
              "state": "failed",
              "speed": null,
              "pass": false,
              "fail": true,
              "pending": false,
              "context": "{\n  \"title\": \"cypress-mochawesome-reporter-screenshots\",\n  \"value\": [\n    [\n      \"\\\\Orders\\\\getOrders.cy.js\\\\Order API Tests -- should retrieve the current user's order (failed).png\"\n    ]\n  ]\n}",
              "code": "cy.request({\n  method: 'GET',\n  url: 'http://localhost:8081/orders',\n  failOnStatusCode: false,\n  headers: {\n    'accept': 'application/json',\n    'Authorization': `Bearer ${token}`\n  }\n}).then(response => {\n  expect(response.status).to.eq(200);\n  expect(response.body).to.have.property('id');\n  expect(response.body).to.have.property('firstname');\n  expect(response.body).to.have.property('lastname');\n  expect(response.body).to.have.property('address');\n  expect(response.body).to.have.property('zipCode');\n  expect(response.body).to.have.property('city');\n  expect(response.body).to.have.property('date');\n  expect(response.body).to.have.property('validated');\n  expect(response.body).to.have.property('orderLines');\n});",
              "err": {
                "message": "AssertionError: expected 401 to equal 200",
                "estack": "AssertionError: expected 401 to equal 200\n    at Context.eval (webpack:///./cypress/e2e/Orders/getOrders.cy.js:44:33)",
                "diff": "- 401\n+ 200\n"
              },
              "uuid": "ee198fc3-6047-4e1d-a631-b2db280b2879",
              "parentUUID": "9ecae7bc-3acf-454a-9532-610bffb673da",
              "isHook": false,
              "skipped": false
            },
            {
              "title": "should handle no order found (404)",
              "fullTitle": "Order API Tests should handle no order found (404)",
              "timedOut": null,
              "duration": 216,
              "state": "failed",
              "speed": null,
              "pass": false,
              "fail": true,
              "pending": false,
              "context": "{\n  \"title\": \"cypress-mochawesome-reporter-screenshots\",\n  \"value\": [\n    [\n      \"\\\\Orders\\\\getOrders.cy.js\\\\Order API Tests -- should handle no order found (404) (failed).png\"\n    ]\n  ]\n}",
              "code": "cy.request({\n  method: 'GET',\n  url: 'http://localhost:8081/orders',\n  failOnStatusCode: false,\n  headers: {\n    'accept': 'application/json',\n    'Authorization': `Bearer ${token}`\n  }\n}).then(response => {\n  expect(response.status).to.eq(404);\n  expect(response.body).to.have.property('message').eq('Pas de commande en cours');\n});",
              "err": {
                "message": "AssertionError: expected 401 to equal 404",
                "estack": "AssertionError: expected 401 to equal 404\n    at Context.eval (webpack:///./cypress/e2e/Orders/getOrders.cy.js:68:33)",
                "diff": "- 401\n+ 404\n"
              },
              "uuid": "731ccbb3-2073-446f-be4d-c4520f9d3672",
              "parentUUID": "9ecae7bc-3acf-454a-9532-610bffb673da",
              "isHook": false,
              "skipped": false
            }
          ],
          "suites": [],
          "passes": [
            "52536d4a-56d5-4fdf-a2bf-1ebb4cadaf5d"
          ],
          "failures": [
            "ee198fc3-6047-4e1d-a631-b2db280b2879",
            "731ccbb3-2073-446f-be4d-c4520f9d3672"
          ],
          "pending": [],
          "skipped": [],
          "duration": 8873,
          "root": false,
          "rootEmpty": false,
          "_timeout": 2000
        }
      ],
      "passes": [],
      "failures": [],
      "pending": [],
      "skipped": [],
      "duration": 0,
      "root": true,
      "rootEmpty": true,
      "_timeout": 2000
    }
  ],
  "meta": {
    "mocha": {
      "version": "7.0.1"
    },
    "mochawesome": {
      "options": {
        "quiet": false,
        "reportFilename": "mochawesome",
        "saveHtml": false,
        "saveJson": true,
        "consoleReporter": "spec",
        "useInlineDiffs": false,
        "code": true
      },
      "version": "7.1.3"
    },
    "marge": {
      "options": {
        "overwrite": false,
        "html": false,
        "json": true,
        "reportDir": "cypress\\reports\\html\\.jsons"
      },
      "version": "6.2.0"
    }
  }
}