{
  "stats": {
    "suites": 1,
    "tests": 5,
    "passes": 1,
    "pending": 0,
    "failures": 4,
    "start": "2024-06-27T18:43:57.133Z",
    "end": "2024-06-27T18:43:59.082Z",
    "duration": 1949,
    "testsRegistered": 5,
    "passPercent": 20,
    "pendingPercent": 0,
    "other": 0,
    "hasOther": false,
    "skipped": 0,
    "hasSkipped": false
  },
  "results": [
    {
      "uuid": "95f3135b-23f5-4bf2-863e-a10bed01b39c",
      "title": "",
      "fullFile": "cypress\\e2e\\Fonctionnalité-panier.cy.js",
      "file": "cypress\\e2e\\Fonctionnalité-panier.cy.js",
      "beforeHooks": [],
      "afterHooks": [],
      "tests": [],
      "suites": [
        {
          "uuid": "bd20f052-f256-4af0-b685-0e05f34839da",
          "title": "Panier Tests",
          "fullFile": "",
          "file": "",
          "beforeHooks": [],
          "afterHooks": [],
          "tests": [
            {
              "title": "should verify the cart is empty initially",
              "fullTitle": "Panier Tests should verify the cart is empty initially",
              "timedOut": null,
              "duration": 512,
              "state": "passed",
              "speed": "fast",
              "pass": true,
              "fail": false,
              "pending": false,
              "context": null,
              "code": "const authToken = window.localStorage.getItem('authToken');\ncy.request({\n  method: 'GET',\n  url: 'http://localhost:8081/orders',\n  headers: {\n    'Authorization': `Bearer ${authToken}`\n  },\n  failOnStatusCode: false\n}).then(response => {\n  // Vérifiez que le code de statut est 200 ou 404 (aucune commande en cours)\n  if (response.status === 200) {\n    expect(response.body.orderLines).to.have.length(0);\n  } else if (response.status === 404) {\n    expect(response.body.message).to.eq('Aucune commande en cours');\n  }\n});",
              "err": {},
              "uuid": "0e6bf860-5ed4-4b86-a3ff-2e79a2a41607",
              "parentUUID": "bd20f052-f256-4af0-b685-0e05f34839da",
              "isHook": false,
              "skipped": false
            },
            {
              "title": "should add a product to the cart",
              "fullTitle": "Panier Tests should add a product to the cart",
              "timedOut": null,
              "duration": 326,
              "state": "failed",
              "speed": null,
              "pass": false,
              "fail": true,
              "pending": false,
              "context": "{\n  \"title\": \"cypress-mochawesome-reporter-screenshots\",\n  \"value\": [\n    [\n      \"\\\\Fonctionnalité-panier.cy.js\\\\Panier Tests -- should add a product to the cart (failed).png\"\n    ]\n  ]\n}",
              "code": "const authToken = window.localStorage.getItem('authToken');\ncy.request({\n  method: 'GET',\n  url: 'http://localhost:8081/products',\n  headers: {\n    failOnStatusCode: false,\n    'Authorization': `Bearer ${authToken}`\n  }\n}).then(response => {\n  const product = response.body[0];\n  cy.request({\n    method: 'PUT',\n    url: 'http://localhost:8081/orders/add',\n    headers: {\n      'Authorization': `Bearer ${authToken}`\n    },\n    body: {\n      productId: product.id,\n      quantity: 1\n    }\n  }).then(response => {\n    expect(response.status).to.eq(200);\n    cy.log('Product added to the cart');\n  });\n});",
              "err": {
                "message": "CypressError: `cy.request()` failed on:\n\nhttp://localhost:8081/products\n\nThe response we received from your web server was:\n\n  > 401: Unauthorized\n\nThis was considered a failure because the status code was not `2xx` or `3xx`.\n\nIf you do not want status codes to cause failures pass the option: `failOnStatusCode: false`\n\n-----------------------------------------------------------\n\nThe request we sent was:\n\nMethod: GET\nURL: http://localhost:8081/products\nHeaders: {\n  \"Connection\": \"keep-alive\",\n  \"failOnStatusCode\": false,\n  \"Authorization\": \"Bearer null\",\n  \"user-agent\": \"Mozilla/5.0 (Windows NT 10.0; Win64; x64) AppleWebKit/537.36 (KHTML, like Gecko) Cypress/13.11.0 Chrome/118.0.5993.159 Electron/27.3.10 Safari/537.36\",\n  \"accept\": \"*/*\",\n  \"accept-encoding\": \"gzip, deflate\"\n}\n\n-----------------------------------------------------------\n\nThe response we got was:\n\nStatus: 401 - Unauthorized\nHeaders: {\n  \"host\": \"localhost:8081\",\n  \"connection\": \"close\",\n  \"x-powered-by\": \"PHP/8.1.29\",\n  \"www-authenticate\": \"Bearer\",\n  \"cache-control\": \"no-cache, private\",\n  \"date\": \"Thu, 27 Jun 2024 18:43:57 GMT\",\n  \"content-type\": \"application/json\",\n  \"x-robots-tag\": \"noindex\"\n}\nBody: {\n  \"code\": 401,\n  \"message\": \"Invalid JWT Token\"\n}\n\n\nhttps://on.cypress.io/request",
                "estack": "CypressError: `cy.request()` failed on:\n\nhttp://localhost:8081/products\n\nThe response we received from your web server was:\n\n  > 401: Unauthorized\n\nThis was considered a failure because the status code was not `2xx` or `3xx`.\n\nIf you do not want status codes to cause failures pass the option: `failOnStatusCode: false`\n\n-----------------------------------------------------------\n\nThe request we sent was:\n\nMethod: GET\nURL: http://localhost:8081/products\nHeaders: {\n  \"Connection\": \"keep-alive\",\n  \"failOnStatusCode\": false,\n  \"Authorization\": \"Bearer null\",\n  \"user-agent\": \"Mozilla/5.0 (Windows NT 10.0; Win64; x64) AppleWebKit/537.36 (KHTML, like Gecko) Cypress/13.11.0 Chrome/118.0.5993.159 Electron/27.3.10 Safari/537.36\",\n  \"accept\": \"*/*\",\n  \"accept-encoding\": \"gzip, deflate\"\n}\n\n-----------------------------------------------------------\n\nThe response we got was:\n\nStatus: 401 - Unauthorized\nHeaders: {\n  \"host\": \"localhost:8081\",\n  \"connection\": \"close\",\n  \"x-powered-by\": \"PHP/8.1.29\",\n  \"www-authenticate\": \"Bearer\",\n  \"cache-control\": \"no-cache, private\",\n  \"date\": \"Thu, 27 Jun 2024 18:43:57 GMT\",\n  \"content-type\": \"application/json\",\n  \"x-robots-tag\": \"noindex\"\n}\nBody: {\n  \"code\": 401,\n  \"message\": \"Invalid JWT Token\"\n}\n\n\nhttps://on.cypress.io/request\n    at <unknown> (http://localhost:56202/__cypress/runner/cypress_runner.js:132760:72)\n    at tryCatcher (http://localhost:56202/__cypress/runner/cypress_runner.js:1807:23)\n    at Promise._settlePromiseFromHandler (http://localhost:56202/__cypress/runner/cypress_runner.js:1519:31)\n    at Promise._settlePromise (http://localhost:56202/__cypress/runner/cypress_runner.js:1576:18)\n    at Promise._settlePromise0 (http://localhost:56202/__cypress/runner/cypress_runner.js:1621:10)\n    at Promise._settlePromises (http://localhost:56202/__cypress/runner/cypress_runner.js:1701:18)\n    at _drainQueueStep (http://localhost:56202/__cypress/runner/cypress_runner.js:2407:12)\n    at _drainQueue (http://localhost:56202/__cypress/runner/cypress_runner.js:2400:9)\n    at Async._drainQueues (http://localhost:56202/__cypress/runner/cypress_runner.js:2416:5)\n    at Async.drainQueues (http://localhost:56202/__cypress/runner/cypress_runner.js:2286:14)\nFrom Your Spec Code:\n    at Context.eval (webpack:///./cypress/e2e/Fonctionnalité-panier.cy.js:24:7)",
                "diff": null
              },
              "uuid": "976daf73-b447-4da6-bee6-ac7f6a2162bb",
              "parentUUID": "bd20f052-f256-4af0-b685-0e05f34839da",
              "isHook": false,
              "skipped": false
            },
            {
              "title": "should change the quantity of a product in the cart",
              "fullTitle": "Panier Tests should change the quantity of a product in the cart",
              "timedOut": null,
              "duration": 422,
              "state": "failed",
              "speed": null,
              "pass": false,
              "fail": true,
              "pending": false,
              "context": "{\n  \"title\": \"cypress-mochawesome-reporter-screenshots\",\n  \"value\": [\n    [\n      \"\\\\Fonctionnalité-panier.cy.js\\\\Panier Tests -- should change the quantity of a product in the cart (failed).png\"\n    ]\n  ]\n}",
              "code": "const authToken = window.localStorage.getItem('authToken');\ncy.request({\n  method: 'GET',\n  url: 'http://localhost:8081/orders',\n  headers: {\n    'Authorization': `Bearer ${authToken}`\n  }\n}).then(response => {\n  const order = response.body.orderLines[0];\n  cy.request({\n    method: 'PUT',\n    url: `http://localhost:8081/orders/${order.id}/change-quantity`,\n    headers: {\n      'Authorization': `Bearer ${authToken}`\n    },\n    body: {\n      quantity: 2\n    }\n  }).then(response => {\n    expect(response.status).to.eq(200);\n    cy.log('Product quantity updated in the cart');\n  });\n});",
              "err": {
                "message": "CypressError: `cy.request()` failed on:\n\nhttp://localhost:8081/orders\n\nThe response we received from your web server was:\n\n  > 401: Unauthorized\n\nThis was considered a failure because the status code was not `2xx` or `3xx`.\n\nIf you do not want status codes to cause failures pass the option: `failOnStatusCode: false`\n\n-----------------------------------------------------------\n\nThe request we sent was:\n\nMethod: GET\nURL: http://localhost:8081/orders\nHeaders: {\n  \"Connection\": \"keep-alive\",\n  \"Authorization\": \"Bearer null\",\n  \"user-agent\": \"Mozilla/5.0 (Windows NT 10.0; Win64; x64) AppleWebKit/537.36 (KHTML, like Gecko) Cypress/13.11.0 Chrome/118.0.5993.159 Electron/27.3.10 Safari/537.36\",\n  \"accept\": \"*/*\",\n  \"accept-encoding\": \"gzip, deflate\"\n}\n\n-----------------------------------------------------------\n\nThe response we got was:\n\nStatus: 401 - Unauthorized\nHeaders: {\n  \"host\": \"localhost:8081\",\n  \"connection\": \"close\",\n  \"x-powered-by\": \"PHP/8.1.29\",\n  \"www-authenticate\": \"Bearer\",\n  \"cache-control\": \"no-cache, private\",\n  \"date\": \"Thu, 27 Jun 2024 18:43:58 GMT\",\n  \"content-type\": \"application/json\",\n  \"x-robots-tag\": \"noindex\"\n}\nBody: {\n  \"code\": 401,\n  \"message\": \"Invalid JWT Token\"\n}\n\n\nhttps://on.cypress.io/request",
                "estack": "CypressError: `cy.request()` failed on:\n\nhttp://localhost:8081/orders\n\nThe response we received from your web server was:\n\n  > 401: Unauthorized\n\nThis was considered a failure because the status code was not `2xx` or `3xx`.\n\nIf you do not want status codes to cause failures pass the option: `failOnStatusCode: false`\n\n-----------------------------------------------------------\n\nThe request we sent was:\n\nMethod: GET\nURL: http://localhost:8081/orders\nHeaders: {\n  \"Connection\": \"keep-alive\",\n  \"Authorization\": \"Bearer null\",\n  \"user-agent\": \"Mozilla/5.0 (Windows NT 10.0; Win64; x64) AppleWebKit/537.36 (KHTML, like Gecko) Cypress/13.11.0 Chrome/118.0.5993.159 Electron/27.3.10 Safari/537.36\",\n  \"accept\": \"*/*\",\n  \"accept-encoding\": \"gzip, deflate\"\n}\n\n-----------------------------------------------------------\n\nThe response we got was:\n\nStatus: 401 - Unauthorized\nHeaders: {\n  \"host\": \"localhost:8081\",\n  \"connection\": \"close\",\n  \"x-powered-by\": \"PHP/8.1.29\",\n  \"www-authenticate\": \"Bearer\",\n  \"cache-control\": \"no-cache, private\",\n  \"date\": \"Thu, 27 Jun 2024 18:43:58 GMT\",\n  \"content-type\": \"application/json\",\n  \"x-robots-tag\": \"noindex\"\n}\nBody: {\n  \"code\": 401,\n  \"message\": \"Invalid JWT Token\"\n}\n\n\nhttps://on.cypress.io/request\n    at <unknown> (http://localhost:56202/__cypress/runner/cypress_runner.js:132760:72)\n    at tryCatcher (http://localhost:56202/__cypress/runner/cypress_runner.js:1807:23)\n    at Promise._settlePromiseFromHandler (http://localhost:56202/__cypress/runner/cypress_runner.js:1519:31)\n    at Promise._settlePromise (http://localhost:56202/__cypress/runner/cypress_runner.js:1576:18)\n    at Promise._settlePromise0 (http://localhost:56202/__cypress/runner/cypress_runner.js:1621:10)\n    at Promise._settlePromises (http://localhost:56202/__cypress/runner/cypress_runner.js:1701:18)\n    at _drainQueueStep (http://localhost:56202/__cypress/runner/cypress_runner.js:2407:12)\n    at _drainQueue (http://localhost:56202/__cypress/runner/cypress_runner.js:2400:9)\n    at Async._drainQueues (http://localhost:56202/__cypress/runner/cypress_runner.js:2416:5)\n    at Async.drainQueues (http://localhost:56202/__cypress/runner/cypress_runner.js:2286:14)\nFrom Your Spec Code:\n    at Context.eval (webpack:///./cypress/e2e/Fonctionnalité-panier.cy.js:49:7)",
                "diff": null
              },
              "uuid": "76bb26b2-5bce-4ce0-9887-9d98af6e18b0",
              "parentUUID": "bd20f052-f256-4af0-b685-0e05f34839da",
              "isHook": false,
              "skipped": false
            },
            {
              "title": "should delete a product from the cart",
              "fullTitle": "Panier Tests should delete a product from the cart",
              "timedOut": null,
              "duration": 254,
              "state": "failed",
              "speed": null,
              "pass": false,
              "fail": true,
              "pending": false,
              "context": "{\n  \"title\": \"cypress-mochawesome-reporter-screenshots\",\n  \"value\": [\n    [\n      \"\\\\Fonctionnalité-panier.cy.js\\\\Panier Tests -- should delete a product from the cart (failed).png\"\n    ]\n  ]\n}",
              "code": "const authToken = window.localStorage.getItem('authToken');\ncy.request({\n  method: 'GET',\n  url: 'http://localhost:8081/orders',\n  headers: {\n    'Authorization': `Bearer ${authToken}`\n  }\n}).then(response => {\n  const order = response.body.orderLines[0];\n  cy.request({\n    method: 'DELETE',\n    url: `http://localhost:8081/orders/${order.id}/delete`,\n    headers: {\n      'Authorization': `Bearer ${authToken}`\n    }\n  }).then(response => {\n    expect(response.status).to.eq(200);\n    cy.log('Product removed from the cart');\n  });\n});",
              "err": {
                "message": "CypressError: `cy.request()` failed on:\n\nhttp://localhost:8081/orders\n\nThe response we received from your web server was:\n\n  > 401: Unauthorized\n\nThis was considered a failure because the status code was not `2xx` or `3xx`.\n\nIf you do not want status codes to cause failures pass the option: `failOnStatusCode: false`\n\n-----------------------------------------------------------\n\nThe request we sent was:\n\nMethod: GET\nURL: http://localhost:8081/orders\nHeaders: {\n  \"Connection\": \"keep-alive\",\n  \"Authorization\": \"Bearer null\",\n  \"user-agent\": \"Mozilla/5.0 (Windows NT 10.0; Win64; x64) AppleWebKit/537.36 (KHTML, like Gecko) Cypress/13.11.0 Chrome/118.0.5993.159 Electron/27.3.10 Safari/537.36\",\n  \"accept\": \"*/*\",\n  \"accept-encoding\": \"gzip, deflate\"\n}\n\n-----------------------------------------------------------\n\nThe response we got was:\n\nStatus: 401 - Unauthorized\nHeaders: {\n  \"host\": \"localhost:8081\",\n  \"connection\": \"close\",\n  \"x-powered-by\": \"PHP/8.1.29\",\n  \"www-authenticate\": \"Bearer\",\n  \"cache-control\": \"no-cache, private\",\n  \"date\": \"Thu, 27 Jun 2024 18:43:58 GMT\",\n  \"content-type\": \"application/json\",\n  \"x-robots-tag\": \"noindex\"\n}\nBody: {\n  \"code\": 401,\n  \"message\": \"Invalid JWT Token\"\n}\n\n\nhttps://on.cypress.io/request",
                "estack": "CypressError: `cy.request()` failed on:\n\nhttp://localhost:8081/orders\n\nThe response we received from your web server was:\n\n  > 401: Unauthorized\n\nThis was considered a failure because the status code was not `2xx` or `3xx`.\n\nIf you do not want status codes to cause failures pass the option: `failOnStatusCode: false`\n\n-----------------------------------------------------------\n\nThe request we sent was:\n\nMethod: GET\nURL: http://localhost:8081/orders\nHeaders: {\n  \"Connection\": \"keep-alive\",\n  \"Authorization\": \"Bearer null\",\n  \"user-agent\": \"Mozilla/5.0 (Windows NT 10.0; Win64; x64) AppleWebKit/537.36 (KHTML, like Gecko) Cypress/13.11.0 Chrome/118.0.5993.159 Electron/27.3.10 Safari/537.36\",\n  \"accept\": \"*/*\",\n  \"accept-encoding\": \"gzip, deflate\"\n}\n\n-----------------------------------------------------------\n\nThe response we got was:\n\nStatus: 401 - Unauthorized\nHeaders: {\n  \"host\": \"localhost:8081\",\n  \"connection\": \"close\",\n  \"x-powered-by\": \"PHP/8.1.29\",\n  \"www-authenticate\": \"Bearer\",\n  \"cache-control\": \"no-cache, private\",\n  \"date\": \"Thu, 27 Jun 2024 18:43:58 GMT\",\n  \"content-type\": \"application/json\",\n  \"x-robots-tag\": \"noindex\"\n}\nBody: {\n  \"code\": 401,\n  \"message\": \"Invalid JWT Token\"\n}\n\n\nhttps://on.cypress.io/request\n    at <unknown> (http://localhost:56202/__cypress/runner/cypress_runner.js:132760:72)\n    at tryCatcher (http://localhost:56202/__cypress/runner/cypress_runner.js:1807:23)\n    at Promise._settlePromiseFromHandler (http://localhost:56202/__cypress/runner/cypress_runner.js:1519:31)\n    at Promise._settlePromise (http://localhost:56202/__cypress/runner/cypress_runner.js:1576:18)\n    at Promise._settlePromise0 (http://localhost:56202/__cypress/runner/cypress_runner.js:1621:10)\n    at Promise._settlePromises (http://localhost:56202/__cypress/runner/cypress_runner.js:1701:18)\n    at _drainQueueStep (http://localhost:56202/__cypress/runner/cypress_runner.js:2407:12)\n    at _drainQueue (http://localhost:56202/__cypress/runner/cypress_runner.js:2400:9)\n    at Async._drainQueues (http://localhost:56202/__cypress/runner/cypress_runner.js:2416:5)\n    at Async.drainQueues (http://localhost:56202/__cypress/runner/cypress_runner.js:2286:14)\nFrom Your Spec Code:\n    at Context.eval (webpack:///./cypress/e2e/Fonctionnalité-panier.cy.js:73:7)",
                "diff": null
              },
              "uuid": "d829c048-fb2b-4d95-9057-bc34588d1f96",
              "parentUUID": "bd20f052-f256-4af0-b685-0e05f34839da",
              "isHook": false,
              "skipped": false
            },
            {
              "title": "should validate the current order",
              "fullTitle": "Panier Tests should validate the current order",
              "timedOut": null,
              "duration": 237,
              "state": "failed",
              "speed": null,
              "pass": false,
              "fail": true,
              "pending": false,
              "context": "{\n  \"title\": \"cypress-mochawesome-reporter-screenshots\",\n  \"value\": [\n    [\n      \"\\\\Fonctionnalité-panier.cy.js\\\\Panier Tests -- should validate the current order (failed).png\"\n    ]\n  ]\n}",
              "code": "const authToken = window.localStorage.getItem('authToken');\ncy.request({\n  method: 'POST',\n  url: 'http://localhost:8081/orders',\n  headers: {\n    'Authorization': `Bearer ${authToken}`\n  }\n}).then(response => {\n  expect(response.status).to.eq(200);\n  cy.log('Order validated');\n});",
              "err": {
                "message": "CypressError: `cy.request()` failed on:\n\nhttp://localhost:8081/orders\n\nThe response we received from your web server was:\n\n  > 401: Unauthorized\n\nThis was considered a failure because the status code was not `2xx` or `3xx`.\n\nIf you do not want status codes to cause failures pass the option: `failOnStatusCode: false`\n\n-----------------------------------------------------------\n\nThe request we sent was:\n\nMethod: POST\nURL: http://localhost:8081/orders\nHeaders: {\n  \"Connection\": \"keep-alive\",\n  \"Authorization\": \"Bearer null\",\n  \"user-agent\": \"Mozilla/5.0 (Windows NT 10.0; Win64; x64) AppleWebKit/537.36 (KHTML, like Gecko) Cypress/13.11.0 Chrome/118.0.5993.159 Electron/27.3.10 Safari/537.36\",\n  \"accept\": \"*/*\",\n  \"accept-encoding\": \"gzip, deflate\",\n  \"content-length\": 0\n}\n\n-----------------------------------------------------------\n\nThe response we got was:\n\nStatus: 401 - Unauthorized\nHeaders: {\n  \"host\": \"localhost:8081\",\n  \"connection\": \"close\",\n  \"x-powered-by\": \"PHP/8.1.29\",\n  \"www-authenticate\": \"Bearer\",\n  \"cache-control\": \"no-cache, private\",\n  \"date\": \"Thu, 27 Jun 2024 18:43:58 GMT\",\n  \"content-type\": \"application/json\",\n  \"x-robots-tag\": \"noindex\"\n}\nBody: {\n  \"code\": 401,\n  \"message\": \"Invalid JWT Token\"\n}\n\n\nhttps://on.cypress.io/request",
                "estack": "CypressError: `cy.request()` failed on:\n\nhttp://localhost:8081/orders\n\nThe response we received from your web server was:\n\n  > 401: Unauthorized\n\nThis was considered a failure because the status code was not `2xx` or `3xx`.\n\nIf you do not want status codes to cause failures pass the option: `failOnStatusCode: false`\n\n-----------------------------------------------------------\n\nThe request we sent was:\n\nMethod: POST\nURL: http://localhost:8081/orders\nHeaders: {\n  \"Connection\": \"keep-alive\",\n  \"Authorization\": \"Bearer null\",\n  \"user-agent\": \"Mozilla/5.0 (Windows NT 10.0; Win64; x64) AppleWebKit/537.36 (KHTML, like Gecko) Cypress/13.11.0 Chrome/118.0.5993.159 Electron/27.3.10 Safari/537.36\",\n  \"accept\": \"*/*\",\n  \"accept-encoding\": \"gzip, deflate\",\n  \"content-length\": 0\n}\n\n-----------------------------------------------------------\n\nThe response we got was:\n\nStatus: 401 - Unauthorized\nHeaders: {\n  \"host\": \"localhost:8081\",\n  \"connection\": \"close\",\n  \"x-powered-by\": \"PHP/8.1.29\",\n  \"www-authenticate\": \"Bearer\",\n  \"cache-control\": \"no-cache, private\",\n  \"date\": \"Thu, 27 Jun 2024 18:43:58 GMT\",\n  \"content-type\": \"application/json\",\n  \"x-robots-tag\": \"noindex\"\n}\nBody: {\n  \"code\": 401,\n  \"message\": \"Invalid JWT Token\"\n}\n\n\nhttps://on.cypress.io/request\n    at <unknown> (http://localhost:56202/__cypress/runner/cypress_runner.js:132760:72)\n    at tryCatcher (http://localhost:56202/__cypress/runner/cypress_runner.js:1807:23)\n    at Promise._settlePromiseFromHandler (http://localhost:56202/__cypress/runner/cypress_runner.js:1519:31)\n    at Promise._settlePromise (http://localhost:56202/__cypress/runner/cypress_runner.js:1576:18)\n    at Promise._settlePromise0 (http://localhost:56202/__cypress/runner/cypress_runner.js:1621:10)\n    at Promise._settlePromises (http://localhost:56202/__cypress/runner/cypress_runner.js:1701:18)\n    at _drainQueueStep (http://localhost:56202/__cypress/runner/cypress_runner.js:2407:12)\n    at _drainQueue (http://localhost:56202/__cypress/runner/cypress_runner.js:2400:9)\n    at Async._drainQueues (http://localhost:56202/__cypress/runner/cypress_runner.js:2416:5)\n    at Async.drainQueues (http://localhost:56202/__cypress/runner/cypress_runner.js:2286:14)\nFrom Your Spec Code:\n    at Context.eval (webpack:///./cypress/e2e/Fonctionnalité-panier.cy.js:96:7)",
                "diff": null
              },
              "uuid": "e95ecffe-c94c-4a1c-acb1-dd6c53f5c264",
              "parentUUID": "bd20f052-f256-4af0-b685-0e05f34839da",
              "isHook": false,
              "skipped": false
            }
          ],
          "suites": [],
          "passes": [
            "0e6bf860-5ed4-4b86-a3ff-2e79a2a41607"
          ],
          "failures": [
            "976daf73-b447-4da6-bee6-ac7f6a2162bb",
            "76bb26b2-5bce-4ce0-9887-9d98af6e18b0",
            "d829c048-fb2b-4d95-9057-bc34588d1f96",
            "e95ecffe-c94c-4a1c-acb1-dd6c53f5c264"
          ],
          "pending": [],
          "skipped": [],
          "duration": 1751,
          "root": false,
          "rootEmpty": false,
          "_timeout": 2000
        }
      ],
      "passes": [],
      "failures": [],
      "pending": [],
      "skipped": [],
      "duration": 0,
      "root": true,
      "rootEmpty": true,
      "_timeout": 2000
    }
  ],
  "meta": {
    "mocha": {
      "version": "7.0.1"
    },
    "mochawesome": {
      "options": {
        "quiet": false,
        "reportFilename": "mochawesome",
        "saveHtml": false,
        "saveJson": true,
        "consoleReporter": "spec",
        "useInlineDiffs": false,
        "code": true
      },
      "version": "7.1.3"
    },
    "marge": {
      "options": {
        "overwrite": false,
        "html": false,
        "json": true,
        "reportDir": "cypress\\reports\\html\\.jsons"
      },
      "version": "6.2.0"
    }
  }
}