{
  "stats": {
    "suites": 1,
    "tests": 3,
    "passes": 1,
    "pending": 0,
    "failures": 2,
    "start": "2024-06-27T18:44:29.647Z",
    "end": "2024-06-27T18:44:30.265Z",
    "duration": 618,
    "testsRegistered": 3,
    "passPercent": 33.33333333333333,
    "pendingPercent": 0,
    "other": 0,
    "hasOther": false,
    "skipped": 0,
    "hasSkipped": false
  },
  "results": [
    {
      "uuid": "a642bba6-e78f-425f-b2e3-ef68923a2eb9",
      "title": "",
      "fullFile": "cypress\\e2e\\Orders\\postOrders.cy.js",
      "file": "cypress\\e2e\\Orders\\postOrders.cy.js",
      "beforeHooks": [],
      "afterHooks": [],
      "tests": [],
      "suites": [
        {
          "uuid": "04bd1635-13f0-42ad-934f-15f13282a5d9",
          "title": "POST /orders",
          "fullFile": "",
          "file": "",
          "beforeHooks": [],
          "afterHooks": [],
          "tests": [
            {
              "title": "should handle internal server error (500)",
              "fullTitle": "POST /orders should handle internal server error (500)",
              "timedOut": null,
              "duration": 96,
              "state": "passed",
              "speed": "fast",
              "pass": true,
              "fail": false,
              "pending": false,
              "context": null,
              "code": "cy.request({\n  method: \"POST\",\n  url: \"http://localhost:8081/orders\",\n  headers: {\n    accept: \"application/json\",\n    \"Content-Type\": \"application/json\",\n    firstname: \"string\",\n    lastname: \"string\",\n    address: \"string\",\n    zipCode: \"strin\",\n    city: \"string\"\n  },\n  body: orderDetails,\n  failOnStatusCode: false\n}).then(response => {\n  expect(response.status).to.eq(500);\n  expect(response.body).to.have.property(\"status\").eq(500);\n});",
              "err": {},
              "uuid": "89bdfb83-4267-49a6-90a6-37df8f88fd7b",
              "parentUUID": "04bd1635-13f0-42ad-934f-15f13282a5d9",
              "isHook": false,
              "skipped": false
            },
            {
              "title": "should create and validate the current user's order (200)",
              "fullTitle": "POST /orders should create and validate the current user's order (200)",
              "timedOut": null,
              "duration": 226,
              "state": "failed",
              "speed": null,
              "pass": false,
              "fail": true,
              "pending": false,
              "context": "{\n  \"title\": \"cypress-mochawesome-reporter-screenshots\",\n  \"value\": [\n    [\n      \"\\\\Orders\\\\postOrders.cy.js\\\\POST orders -- should create and validate the current user's order (200) (failed).png\"\n    ]\n  ]\n}",
              "code": "cy.request({\n  method: 'POST',\n  url: 'http://localhost:8081/orders',\n  headers: {\n    'accept': 'application/json',\n    'Content-Type': 'application/json'\n  },\n  failOnStatusCode: false,\n  body: orderDetails\n}).then(response => {\n  expect(response.status).to.eq(200);\n  expect(response.body).to.have.property('id');\n  expect(response.body).to.have.property('firstname');\n  expect(response.body).to.have.property('lastname');\n  expect(response.body).to.have.property('address');\n  expect(response.body).to.have.property('zipCode');\n  expect(response.body).to.have.property('city');\n  expect(response.body).to.have.property('date');\n  expect(response.body).to.have.property('validated');\n  expect(response.body).to.have.property('orderLines');\n});",
              "err": {
                "message": "AssertionError: expected 500 to equal 200",
                "estack": "AssertionError: expected 500 to equal 200\n    at Context.eval (webpack:///./cypress/e2e/Orders/postOrders.cy.js:43:35)",
                "diff": "- 500\n+ 200\n"
              },
              "uuid": "8cc8b92c-ab97-4a66-a2a0-d04d9c391561",
              "parentUUID": "04bd1635-13f0-42ad-934f-15f13282a5d9",
              "isHook": false,
              "skipped": false
            },
            {
              "title": "should handle no order found (404)",
              "fullTitle": "POST /orders should handle no order found (404)",
              "timedOut": null,
              "duration": 202,
              "state": "failed",
              "speed": null,
              "pass": false,
              "fail": true,
              "pending": false,
              "context": "{\n  \"title\": \"cypress-mochawesome-reporter-screenshots\",\n  \"value\": [\n    [\n      \"\\\\Orders\\\\postOrders.cy.js\\\\POST orders -- should handle no order found (404) (failed).png\"\n    ]\n  ]\n}",
              "code": "cy.request({\n  method: 'POST',\n  url: 'http://localhost:8081/orders',\n  failOnStatusCode: false,\n  headers: {\n    'accept': 'application/json'\n  }\n}).then(response => {\n  expect(response.status).to.eq(404);\n  expect(response.body).to.have.property('message').eq('Pas de commande en cours');\n});",
              "err": {
                "message": "AssertionError: expected 500 to equal 404",
                "estack": "AssertionError: expected 500 to equal 404\n    at Context.eval (webpack:///./cypress/e2e/Orders/postOrders.cy.js:66:33)",
                "diff": "- 500\n+ 404\n"
              },
              "uuid": "c7d2213e-b00f-4be6-b14c-37a5db6cb832",
              "parentUUID": "04bd1635-13f0-42ad-934f-15f13282a5d9",
              "isHook": false,
              "skipped": false
            }
          ],
          "suites": [],
          "passes": [
            "89bdfb83-4267-49a6-90a6-37df8f88fd7b"
          ],
          "failures": [
            "8cc8b92c-ab97-4a66-a2a0-d04d9c391561",
            "c7d2213e-b00f-4be6-b14c-37a5db6cb832"
          ],
          "pending": [],
          "skipped": [],
          "duration": 524,
          "root": false,
          "rootEmpty": false,
          "_timeout": 2000
        }
      ],
      "passes": [],
      "failures": [],
      "pending": [],
      "skipped": [],
      "duration": 0,
      "root": true,
      "rootEmpty": true,
      "_timeout": 2000
    }
  ],
  "meta": {
    "mocha": {
      "version": "7.0.1"
    },
    "mochawesome": {
      "options": {
        "quiet": false,
        "reportFilename": "mochawesome",
        "saveHtml": false,
        "saveJson": true,
        "consoleReporter": "spec",
        "useInlineDiffs": false,
        "code": true
      },
      "version": "7.1.3"
    },
    "marge": {
      "options": {
        "overwrite": false,
        "html": false,
        "json": true,
        "reportDir": "cypress\\reports\\html\\.jsons"
      },
      "version": "6.2.0"
    }
  }
}