{
  "stats": {
    "suites": 1,
    "tests": 1,
    "passes": 0,
    "pending": 0,
    "failures": 1,
    "start": "2024-06-27T18:44:05.674Z",
    "end": "2024-06-27T18:44:12.684Z",
    "duration": 7010,
    "testsRegistered": 1,
    "passPercent": 0,
    "pendingPercent": 0,
    "other": 0,
    "hasOther": false,
    "skipped": 0,
    "hasSkipped": false
  },
  "results": [
    {
      "uuid": "85d96bf9-e481-489c-8ad0-94af380c3aec",
      "title": "",
      "fullFile": "cypress\\e2e\\smoke\\product_page.cy.js",
      "file": "cypress\\e2e\\smoke\\product_page.cy.js",
      "beforeHooks": [],
      "afterHooks": [],
      "tests": [],
      "suites": [
        {
          "uuid": "3f333612-f9a2-46f1-968e-96d86695ea99",
          "title": "Smoke Test - Page Produit",
          "fullFile": "",
          "file": "",
          "beforeHooks": [],
          "afterHooks": [],
          "tests": [
            {
              "title": "should display the add to cart button and product availability field",
              "fullTitle": "Smoke Test - Page Produit should display the add to cart button and product availability field",
              "timedOut": null,
              "duration": 5152,
              "state": "failed",
              "speed": null,
              "pass": false,
              "fail": true,
              "pending": false,
              "context": "{\n  \"title\": \"cypress-mochawesome-reporter-screenshots\",\n  \"value\": [\n    [\n      \"\\\\smoke\\\\product_page.cy.js\\\\Smoke Test - Page Produit -- should display the add to cart button and product availability field (failed).png\"\n    ]\n  ]\n}",
              "code": "cy.visit('http://localhost:8080/#/products');\n// Vérifier la présence du bouton d'ajout au panier\ncy.get('button[data-cy=\"Ajout-panier\"]').contains('Ajouter au panier').should('be.visible');\n// Vérifier la présence du champ de disponibilité des produits\ncy.get('.produits disponibles').should('be.visible');",
              "err": {
                "message": "AssertionError: Timed out retrying after 4000ms: Expected to find element: `button[data-cy=\"Ajout-panier\"]`, but never found it.",
                "estack": "AssertionError: Timed out retrying after 4000ms: Expected to find element: `button[data-cy=\"Ajout-panier\"]`, but never found it.\n    at Context.eval (webpack:///./cypress/e2e/smoke/product_page.cy.js:6:9)",
                "diff": null
              },
              "uuid": "92ec5eec-206d-4b45-9c47-6e75c520f994",
              "parentUUID": "3f333612-f9a2-46f1-968e-96d86695ea99",
              "isHook": false,
              "skipped": false
            }
          ],
          "suites": [],
          "passes": [],
          "failures": [
            "92ec5eec-206d-4b45-9c47-6e75c520f994"
          ],
          "pending": [],
          "skipped": [],
          "duration": 5152,
          "root": false,
          "rootEmpty": false,
          "_timeout": 2000
        }
      ],
      "passes": [],
      "failures": [],
      "pending": [],
      "skipped": [],
      "duration": 0,
      "root": true,
      "rootEmpty": true,
      "_timeout": 2000
    }
  ],
  "meta": {
    "mocha": {
      "version": "7.0.1"
    },
    "mochawesome": {
      "options": {
        "quiet": false,
        "reportFilename": "mochawesome",
        "saveHtml": false,
        "saveJson": true,
        "consoleReporter": "spec",
        "useInlineDiffs": false,
        "code": true
      },
      "version": "7.1.3"
    },
    "marge": {
      "options": {
        "overwrite": false,
        "html": false,
        "json": true,
        "reportDir": "cypress\\reports\\html\\.jsons"
      },
      "version": "6.2.0"
    }
  }
}